[2025-04-06 18:04:54] - WARNING - Not enough permission to place log file at /var/log/archinstall/install.log, creating it in /home/mahatmus/Documents/arch-auto-install/archinstall/install.log instead
[2025-04-06 18:04:54] - DEBUG - Hardware model detected: Gigabyte Technology Co., Ltd. B550M AORUS ELITE; UEFI mode: True
[2025-04-06 18:04:54] - DEBUG - Processor model detected: AMD Ryzen 7 5700X3D 8-Core Processor
[2025-04-06 18:04:54] - DEBUG - Memory statistics: 28141368 available out of 32778940 total installed
[2025-04-06 18:04:54] - DEBUG - Could not detect virtual system: ['/usr/bin/systemd-detect-virt'] exited with abnormal exit code [1]: none

[2025-04-06 18:04:54] - DEBUG - System is not running in a VM: ['/usr/bin/systemd-detect-virt'] exited with abnormal exit code [1]: none

[2025-04-06 18:04:54] - DEBUG - Virtualization detected: None; is VM: False
[2025-04-06 18:04:54] - DEBUG - Graphics devices detected: dict_keys(['NVIDIA Corporation AD103 [GeForce RTX 4070 Ti SUPER] (rev a1)'])
[2025-04-06 18:04:54] - DEBUG - Disk states before installing:
{
    "blockdevices": [
        {
            "name": "sda",
            "path": "/dev/sda",
            "pkname": null,
            "log_sec": 512,
            "size": "953869 MiB",
            "pttype": "dos",
            "ptuuid": "ede0e0d0",
            "rota": true,
            "tran": "sata",
            "partn": null,
            "partuuid": null,
            "parttype": null,
            "uuid": null,
            "fstype": null,
            "fsver": null,
            "fsavail": null,
            "fsuse_percentage": null,
            "type": "disk",
            "mountpoint": null,
            "mountpoints": [],
            "fsroots": [],
            "children": [
                {
                    "name": "sda1",
                    "path": "/dev/sda1",
                    "pkname": "sda",
                    "log_sec": 512,
                    "size": "953817 MiB",
                    "pttype": "dos",
                    "ptuuid": "ede0e0d0",
                    "rota": true,
                    "tran": null,
                    "partn": 1,
                    "partuuid": "ede0e0d0-01",
                    "parttype": "0x7",
                    "uuid": "BAB8F0BCB8F07869",
                    "fstype": "ntfs",
                    "fsver": null,
                    "fsavail": null,
                    "fsuse_percentage": null,
                    "type": "part",
                    "mountpoint": null,
                    "mountpoints": [],
                    "fsroots": [],
                    "children": []
                }
            ]
        },
        {
            "name": "sdb",
            "path": "/dev/sdb",
            "pkname": null,
            "log_sec": 512,
            "size": "238475 MiB",
            "pttype": "gpt",
            "ptuuid": "100f8693-c34c-4c9b-aaaa-9fb12bb914f5",
            "rota": false,
            "tran": "sata",
            "partn": null,
            "partuuid": null,
            "parttype": null,
            "uuid": null,
            "fstype": null,
            "fsver": null,
            "fsavail": null,
            "fsuse_percentage": null,
            "type": "disk",
            "mountpoint": null,
            "mountpoints": [],
            "fsroots": [],
            "children": [
                {
                    "name": "sdb1",
                    "path": "/dev/sdb1",
                    "pkname": "sdb",
                    "log_sec": 512,
                    "size": "1024 MiB",
                    "pttype": "gpt",
                    "ptuuid": "100f8693-c34c-4c9b-aaaa-9fb12bb914f5",
                    "rota": false,
                    "tran": null,
                    "partn": 1,
                    "partuuid": "dfd9ff47-0b35-442c-8a5b-c1c82ce65482",
                    "parttype": "c12a7328-f81f-11d2-ba4b-00a0c93ec93b",
                    "uuid": "F732-422B",
                    "fstype": "vfat",
                    "fsver": "FAT32",
                    "fsavail": 571604992,
                    "fsuse_percentage": "47%",
                    "type": "part",
                    "mountpoint": "/boot",
                    "mountpoints": [
                        "/boot"
                    ],
                    "fsroots": [
                        "/"
                    ],
                    "children": []
                },
                {
                    "name": "sdb2",
                    "path": "/dev/sdb2",
                    "pkname": "sdb",
                    "log_sec": 512,
                    "size": "237450 MiB",
                    "pttype": "gpt",
                    "ptuuid": "100f8693-c34c-4c9b-aaaa-9fb12bb914f5",
                    "rota": false,
                    "tran": null,
                    "partn": 2,
                    "partuuid": "b9df1e2d-d6f9-4ed9-8912-3f2ca1848e03",
                    "parttype": "4f68bce3-e8cd-4db1-96e7-fbcaf984b709",
                    "uuid": "703bc0aa-919a-416d-99be-8f7fd067ac73",
                    "fstype": "btrfs",
                    "fsver": null,
                    "fsavail": 53648965632,
                    "fsuse_percentage": "78%",
                    "type": "part",
                    "mountpoint": "/",
                    "mountpoints": [
                        "/"
                    ],
                    "fsroots": [
                        "/"
                    ],
                    "children": []
                }
            ]
        },
        {
            "name": "sdc",
            "path": "/dev/sdc",
            "pkname": null,
            "log_sec": 512,
            "size": "7446 MiB",
            "pttype": "dos",
            "ptuuid": "0003afe8",
            "rota": true,
            "tran": "usb",
            "partn": null,
            "partuuid": null,
            "parttype": null,
            "uuid": null,
            "fstype": null,
            "fsver": null,
            "fsavail": null,
            "fsuse_percentage": null,
            "type": "disk",
            "mountpoint": null,
            "mountpoints": [],
            "fsroots": [],
            "children": [
                {
                    "name": "sdc1",
                    "path": "/dev/sdc1",
                    "pkname": "sdc",
                    "log_sec": 512,
                    "size": "7444 MiB",
                    "pttype": "dos",
                    "ptuuid": "0003afe8",
                    "rota": true,
                    "tran": null,
                    "partn": 1,
                    "partuuid": "0003afe8-01",
                    "parttype": "0xc",
                    "uuid": "16DB-E530",
                    "fstype": "vfat",
                    "fsver": "FAT32",
                    "fsavail": null,
                    "fsuse_percentage": null,
                    "type": "part",
                    "mountpoint": null,
                    "mountpoints": [],
                    "fsroots": [],
                    "children": []
                }
            ]
        },
        {
            "name": "zram0",
            "path": "/dev/zram0",
            "pkname": null,
            "log_sec": 4096,
            "size": "4096 MiB",
            "pttype": null,
            "ptuuid": null,
            "rota": false,
            "tran": null,
            "partn": null,
            "partuuid": null,
            "parttype": null,
            "uuid": "b827cd67-db81-409d-a18c-6ef47c0bdec5",
            "fstype": "swap",
            "fsver": "1",
            "fsavail": null,
            "fsuse_percentage": null,
            "type": "disk",
            "mountpoint": "[SWAP]",
            "mountpoints": [
                "[SWAP]"
            ],
            "fsroots": [],
            "children": []
        },
        {
            "name": "nvme0n1",
            "path": "/dev/nvme0n1",
            "pkname": null,
            "log_sec": 512,
            "size": "976762 MiB",
            "pttype": "gpt",
            "ptuuid": "b4902901-ebdd-48f3-ad55-ec70cdbf94fb",
            "rota": false,
            "tran": "nvme",
            "partn": null,
            "partuuid": null,
            "parttype": null,
            "uuid": null,
            "fstype": null,
            "fsver": null,
            "fsavail": null,
            "fsuse_percentage": null,
            "type": "disk",
            "mountpoint": null,
            "mountpoints": [],
            "fsroots": [],
            "children": [
                {
                    "name": "nvme0n1p1",
                    "path": "/dev/nvme0n1p1",
                    "pkname": "nvme0n1",
                    "log_sec": 512,
                    "size": "100 MiB",
                    "pttype": "gpt",
                    "ptuuid": "b4902901-ebdd-48f3-ad55-ec70cdbf94fb",
                    "rota": false,
                    "tran": "nvme",
                    "partn": 1,
                    "partuuid": "a528d1df-b021-4ca6-8d52-2db90c54e3c7",
                    "parttype": "c12a7328-f81f-11d2-ba4b-00a0c93ec93b",
                    "uuid": "20A2-33BD",
                    "fstype": "vfat",
                    "fsver": "FAT32",
                    "fsavail": null,
                    "fsuse_percentage": null,
                    "type": "part",
                    "mountpoint": null,
                    "mountpoints": [],
                    "fsroots": [],
                    "children": []
                },
                {
                    "name": "nvme0n1p2",
                    "path": "/dev/nvme0n1p2",
                    "pkname": "nvme0n1",
                    "log_sec": 512,
                    "size": "16 MiB",
                    "pttype": "gpt",
                    "ptuuid": "b4902901-ebdd-48f3-ad55-ec70cdbf94fb",
                    "rota": false,
                    "tran": "nvme",
                    "partn": 2,
                    "partuuid": "4df69dd3-99f1-4b1b-b146-969a7fdaf7bd",
                    "parttype": "e3c9e316-0b5c-4db8-817d-f92df00215ae",
                    "uuid": null,
                    "fstype": null,
                    "fsver": null,
                    "fsavail": null,
                    "fsuse_percentage": null,
                    "type": "part",
                    "mountpoint": null,
                    "mountpoints": [],
                    "fsroots": [],
                    "children": []
                },
                {
                    "name": "nvme0n1p3",
                    "path": "/dev/nvme0n1p3",
                    "pkname": "nvme0n1",
                    "log_sec": 512,
                    "size": "975866 MiB",
                    "pttype": "gpt",
                    "ptuuid": "b4902901-ebdd-48f3-ad55-ec70cdbf94fb",
                    "rota": false,
                    "tran": "nvme",
                    "partn": 3,
                    "partuuid": "dc57f3ab-db6d-4437-87b2-cce14302fba8",
                    "parttype": "ebd0a0a2-b9e5-4433-87c0-68b6b72699c7",
                    "uuid": "AE6EC43F6EC401D7",
                    "fstype": "ntfs",
                    "fsver": null,
                    "fsavail": null,
                    "fsuse_percentage": null,
                    "type": "part",
                    "mountpoint": null,
                    "mountpoints": [],
                    "fsroots": [],
                    "children": []
                },
                {
                    "name": "nvme0n1p4",
                    "path": "/dev/nvme0n1p4",
                    "pkname": "nvme0n1",
                    "log_sec": 512,
                    "size": "778 MiB",
                    "pttype": "gpt",
                    "ptuuid": "b4902901-ebdd-48f3-ad55-ec70cdbf94fb",
                    "rota": false,
                    "tran": "nvme",
                    "partn": 4,
                    "partuuid": "76a34a7e-4d1a-41e7-a1f9-13f17ec4c01c",
                    "parttype": "de94bba4-06d1-4d40-a16a-bfd50179d6ac",
                    "uuid": "08D49B4FD49B3E3E",
                    "fstype": "ntfs",
                    "fsver": null,
                    "fsavail": null,
                    "fsuse_percentage": null,
                    "type": "part",
                    "mountpoint": null,
                    "mountpoints": [],
                    "fsroots": [],
                    "children": []
                }
            ]
        }
    ]
}
